2023-11-16 14:59:46.863 [info] Log level: Info
2023-11-16 14:59:46.863 [info] Validating found git in: "git"
2023-11-16 14:59:46.863 [info] Using git "2.40.1" from "git"
2023-11-16 14:59:46.866 [info] > git rev-parse --show-toplevel [77ms]
2023-11-16 14:59:46.866 [info] fatal: not a git repository (or any of the parent directories): .git
2023-11-16 14:59:46.883 [info] > git rev-parse --show-toplevel [7ms]
2023-11-16 14:59:46.883 [info] fatal: not a git repository (or any of the parent directories): .git
2023-11-16 15:02:25.182 [info] > git rev-parse --show-toplevel [2ms]
2023-11-16 15:02:25.182 [info] fatal: not a git repository (or any of the parent directories): .git
2023-11-16 15:02:42.983 [info] > git rev-parse --show-toplevel [11ms]
2023-11-16 15:02:42.983 [info] fatal: not a git repository (or any of the parent directories): .git
2023-11-16 15:02:43.871 [info] > git rev-parse --show-toplevel [2ms]
2023-11-16 15:02:43.871 [info] fatal: not a git repository (or any of the parent directories): .git
2023-11-16 15:03:17.895 [info] > git rev-parse --show-toplevel [2ms]
2023-11-16 15:03:17.895 [info] fatal: not a git repository (or any of the parent directories): .git
2023-11-16 15:08:36.565 [info] > git rev-parse --show-toplevel [5ms]
2023-11-16 15:08:36.565 [info] fatal: not a git repository (or any of the parent directories): .git
2023-11-16 15:08:37.987 [info] > git rev-parse --show-toplevel [4ms]
2023-11-16 15:08:37.987 [info] fatal: not a git repository (or any of the parent directories): .git
2023-11-16 15:08:38.654 [info] > git rev-parse --show-toplevel [5ms]
2023-11-16 15:08:38.654 [info] fatal: not a git repository (or any of the parent directories): .git
2023-11-16 15:08:38.993 [info] > git rev-parse --show-toplevel [3ms]
2023-11-16 15:08:38.993 [info] fatal: not a git repository (or any of the parent directories): .git
