2023-11-16 14:52:27.572 [info] Added views:workbench.panel.markers.view in workbench.panel.markers
2023-11-16 14:52:27.572 [info] Added views:workbench.panel.output in workbench.panel.output
2023-11-16 14:52:27.572 [info] Added views:terminal in terminal
2023-11-16 14:52:27.572 [info] Added views:outline in workbench.view.explorer
2023-11-16 14:52:27.572 [info] Added views:workbench.scm in workbench.view.scm
2023-11-16 14:52:27.572 [info] Added views:workbench.view.search in workbench.view.search
2023-11-16 14:52:27.572 [info] Added views:timeline in workbench.view.explorer
2023-11-16 14:52:27.572 [info] Added views:workbench.explorer.emptyView in workbench.view.explorer
2023-11-16 14:52:27.572 [info] Added views:workbench.explorer.openEditorsView in workbench.view.explorer
2023-11-16 14:52:27.857 [info] Added views:avdmanager-avd,avdmanager-sdk-platforms,avdmanager-sdk-tools in workbench.view.extension.avdmanager
2023-11-16 14:52:27.982 [info] Added views:workbench.debug.welcome in workbench.view.debug
2023-11-16 14:52:28.017 [info] Added views:workbench.panel.repl.view in workbench.panel.repl
2023-11-16 14:54:02.916 [info] Added views:workbench.panel.markers.view in workbench.panel.markers
2023-11-16 14:54:02.916 [info] Added views:workbench.panel.output in workbench.panel.output
2023-11-16 14:54:02.916 [info] Added views:terminal in terminal
2023-11-16 14:54:02.916 [info] Added views:outline in workbench.view.explorer
2023-11-16 14:54:02.916 [info] Added views:workbench.scm in workbench.view.scm
2023-11-16 14:54:02.916 [info] Added views:workbench.view.search in workbench.view.search
2023-11-16 14:54:02.916 [info] Added views:timeline in workbench.view.explorer
2023-11-16 14:54:02.916 [info] Added views:workbench.explorer.fileView in workbench.view.explorer
2023-11-16 14:54:02.916 [info] Added views:workbench.explorer.openEditorsView in workbench.view.explorer
2023-11-16 14:54:03.065 [info] Added views:avdmanager-avd,avdmanager-sdk-platforms,avdmanager-sdk-tools in workbench.view.extension.avdmanager
2023-11-16 14:54:03.158 [info] Added views:workbench.debug.variablesView,workbench.debug.watchExpressionsView,workbench.debug.callStackView,workbench.debug.breakPointsView in workbench.view.debug
2023-11-16 14:54:03.352 [info] Added views:workbench.panel.repl.view in workbench.panel.repl
2023-11-16 14:54:03.353 [info] Removed views:workbench.debug.breakPointsView,workbench.debug.callStackView,workbench.debug.watchExpressionsView,workbench.debug.variablesView from workbench.view.debug
2023-11-16 14:54:03.353 [info] Added views:workbench.debug.welcome in workbench.view.debug
2023-11-16 14:54:04.848 [info] Added views:vscode-serial-monitor.monitor0 in workbench.view.extension.vscode-serial-monitor-tools
2023-11-16 14:54:26.626 [info] Added views:workbench.views.extensions.installed,workbench.views.extensions.popular,extensions.recommendedList in workbench.view.extensions
2023-11-16 14:54:26.628 [info] Removed views:workbench.views.extensions.popular from workbench.view.extensions
2023-11-16 14:54:30.558 [info] Removed views:extensions.recommendedList,workbench.views.extensions.installed from workbench.view.extensions
2023-11-16 14:54:30.570 [info] Added views:workbench.views.extensions.marketplace in workbench.view.extensions
