2023-11-16 14:55:14.425 [info] Added views:workbench.panel.markers.view in workbench.panel.markers
2023-11-16 14:55:14.425 [info] Added views:workbench.panel.output in workbench.panel.output
2023-11-16 14:55:14.425 [info] Added views:terminal in terminal
2023-11-16 14:55:14.425 [info] Added views:outline in workbench.view.explorer
2023-11-16 14:55:14.425 [info] Added views:workbench.scm in workbench.view.scm
2023-11-16 14:55:14.425 [info] Added views:workbench.view.search in workbench.view.search
2023-11-16 14:55:14.425 [info] Added views:timeline in workbench.view.explorer
2023-11-16 14:55:14.425 [info] Added views:workbench.explorer.emptyView in workbench.view.explorer
2023-11-16 14:55:14.425 [info] Added views:workbench.explorer.openEditorsView in workbench.view.explorer
2023-11-16 14:55:14.593 [info] Added views:vscode-serial-monitor.monitor0 in workbench.view.extension.vscode-serial-monitor-tools
2023-11-16 14:55:14.594 [info] Added views:avdmanager-avd,avdmanager-sdk-platforms,avdmanager-sdk-tools in workbench.view.extension.avdmanager
2023-11-16 14:55:14.682 [info] Added views:workbench.debug.variablesView,workbench.debug.watchExpressionsView,workbench.debug.callStackView,workbench.debug.breakPointsView in workbench.view.debug
2023-11-16 14:55:14.803 [info] Added views:workbench.panel.repl.view in workbench.panel.repl
2023-11-16 14:55:14.805 [info] Removed views:workbench.debug.breakPointsView,workbench.debug.callStackView,workbench.debug.watchExpressionsView,workbench.debug.variablesView from workbench.view.debug
2023-11-16 14:55:14.805 [info] Added views:workbench.debug.welcome in workbench.view.debug
2023-11-16 14:55:25.482 [info] Added views:workbench.panel.markers.view in workbench.panel.markers
2023-11-16 14:55:25.482 [info] Added views:workbench.panel.output in workbench.panel.output
2023-11-16 14:55:25.482 [info] Added views:terminal in terminal
2023-11-16 14:55:25.482 [info] Added views:outline in workbench.view.explorer
2023-11-16 14:55:25.482 [info] Added views:workbench.scm in workbench.view.scm
2023-11-16 14:55:25.482 [info] Added views:workbench.view.search in workbench.view.search
2023-11-16 14:55:25.482 [info] Added views:timeline in workbench.view.explorer
2023-11-16 14:55:25.482 [info] Added views:workbench.explorer.fileView in workbench.view.explorer
2023-11-16 14:55:25.482 [info] Added views:workbench.explorer.openEditorsView in workbench.view.explorer
2023-11-16 14:55:25.620 [info] Added views:avdmanager-avd,avdmanager-sdk-platforms,avdmanager-sdk-tools in workbench.view.extension.avdmanager
2023-11-16 14:55:25.724 [info] Added views:workbench.debug.variablesView,workbench.debug.watchExpressionsView,workbench.debug.callStackView,workbench.debug.breakPointsView in workbench.view.debug
2023-11-16 14:55:25.943 [info] Added views:workbench.panel.repl.view in workbench.panel.repl
2023-11-16 14:55:25.946 [info] Removed views:workbench.debug.breakPointsView,workbench.debug.callStackView,workbench.debug.watchExpressionsView,workbench.debug.variablesView from workbench.view.debug
2023-11-16 14:55:25.947 [info] Added views:workbench.debug.welcome in workbench.view.debug
2023-11-16 14:55:29.158 [info] Added views:vscode-serial-monitor.monitor0 in workbench.view.extension.vscode-serial-monitor-tools
2023-11-16 14:56:39.117 [info] Added views:workbench.views.extensions.installed,workbench.views.extensions.popular,extensions.recommendedList in workbench.view.extensions
2023-11-16 14:56:39.120 [info] Removed views:workbench.views.extensions.popular from workbench.view.extensions
2023-11-16 14:56:52.346 [info] Added views:workbench.panel.markers.view in workbench.panel.markers
2023-11-16 14:56:52.346 [info] Added views:workbench.panel.output in workbench.panel.output
2023-11-16 14:56:52.347 [info] Added views:terminal in terminal
2023-11-16 14:56:52.347 [info] Added views:outline in workbench.view.explorer
2023-11-16 14:56:52.347 [info] Added views:workbench.scm in workbench.view.scm
2023-11-16 14:56:52.347 [info] Added views:workbench.view.search in workbench.view.search
2023-11-16 14:56:52.347 [info] Added views:timeline in workbench.view.explorer
2023-11-16 14:56:52.347 [info] Added views:workbench.explorer.fileView in workbench.view.explorer
2023-11-16 14:56:52.347 [info] Added views:workbench.explorer.openEditorsView in workbench.view.explorer
2023-11-16 14:56:52.460 [info] Added views:workbench.debug.welcome in workbench.view.debug
2023-11-16 14:56:52.619 [info] Added views:vscode-serial-monitor.monitor0 in workbench.view.extension.vscode-serial-monitor-tools
2023-11-16 14:56:52.619 [info] Added views:avdmanager-avd,avdmanager-sdk-platforms,avdmanager-sdk-tools in workbench.view.extension.avdmanager
2023-11-16 14:56:52.801 [info] Added views:workbench.panel.repl.view in workbench.panel.repl
2023-11-16 14:56:53.192 [info] Added views:workbench.views.extensions.installed,extensions.recommendedList in workbench.view.extensions
