2023-10-30T16:09:28.659Z 0: 

----------------------------------------------
2023-10-30T16:09:28.683Z 1: Discord starting: {"releaseChannel":"stable","version":"0.0.31"}, modulepath: /home/comodino/.config/discord/0.0.31/modules
2023-10-30T16:09:28.693Z 2: ✅ webContents.created web1 ""
2023-10-30T16:09:28.706Z 3: ✅ window.created win1 "discord"
2023-10-30T16:09:28.989Z 4: ✅ webContents.did-finish-load web1
2023-10-30T16:09:41.996Z 5: ✅ webContents.created web2 ""
2023-10-30T16:09:42.004Z 6: ✅ window.created win2 "Discord"
2023-10-30T16:09:44.391Z 7: ✅ webContents.did-finish-load web2
2023-10-30T16:09:44.491Z 8: window.close win1
2023-10-30T16:09:44.543Z 9: webContents.destroyed web1
2023-10-30T16:09:44.553Z 10: window.closed win1
2023-10-30T16:10:18.426Z 11: window.close win2
2023-10-30T16:12:42.886Z 12: window.close win2
2023-11-03T09:16:42.347Z 0: 

----------------------------------------------
2023-11-03T09:16:42.398Z 1: Discord starting: {"releaseChannel":"stable","version":"0.0.31"}, modulepath: /home/comodino/.config/discord/0.0.31/modules
2023-11-03T09:16:42.409Z 2: ✅ webContents.created web1 ""
2023-11-03T09:16:42.415Z 3: ✅ window.created win1 "discord"
2023-11-03T09:16:42.729Z 4: ✅ webContents.did-finish-load web1
2023-11-03T09:16:43.537Z 5: ✅ webContents.created web2 ""
2023-11-03T09:16:43.542Z 6: ✅ window.created win2 "Discord"
2023-11-03T09:16:49.675Z 7: ✅ webContents.did-finish-load web2
2023-11-03T09:16:49.775Z 8: window.close win1
2023-11-03T09:16:49.798Z 9: webContents.destroyed web1
2023-11-03T09:16:49.803Z 10: window.closed win1
2023-11-06T09:26:06.275Z 11: window.close win2
2023-11-06T09:30:13.130Z 12: window.close win2
2023-11-06T09:30:13.377Z 13: webContents.destroyed web2
2023-11-06T09:30:13.420Z 14: window.closed win2
2023-11-10T15:33:26.267Z 0: 

----------------------------------------------
2023-11-10T15:33:26.334Z 1: Discord starting: {"releaseChannel":"stable","version":"0.0.31"}, modulepath: /home/comodino/.config/discord/0.0.31/modules
2023-11-10T15:33:26.341Z 2: ✅ webContents.created web1 ""
2023-11-10T15:33:26.348Z 3: ✅ window.created win1 "discord"
2023-11-10T15:33:26.640Z 4: ✅ webContents.did-finish-load web1
2023-11-10T15:33:27.194Z 5: ✅ webContents.created web2 ""
2023-11-10T15:33:27.198Z 6: ✅ window.created win2 "Discord"
2023-11-10T15:33:33.247Z 7: ❌ webContents.did-fail-load web2" -3 
2023-11-10T15:33:35.045Z 8: window.close win1
2023-11-10T15:33:35.062Z 9: webContents.destroyed web1
2023-11-10T15:33:35.066Z 10: window.closed win1
2023-11-10T15:33:35.437Z 11: ✅ webContents.did-finish-load web2
2023-11-10T15:33:38.275Z 12: window.close win2
2023-11-13T11:37:14.388Z 0: 

----------------------------------------------
2023-11-13T11:37:14.407Z 1: Discord starting: {"releaseChannel":"stable","version":"0.0.31"}, modulepath: /home/comodino/.config/discord/0.0.31/modules
2023-11-13T11:45:53.530Z 13: window.close win2
2023-11-17T14:29:23.789Z 0: 

----------------------------------------------
2023-11-17T14:29:23.822Z 1: Discord starting: {"releaseChannel":"stable","version":"0.0.31"}, modulepath: /home/comodino/.config/discord/0.0.31/modules
2023-11-17T14:29:23.829Z 2: ✅ webContents.created web1 ""
2023-11-17T14:29:23.836Z 3: ✅ window.created win1 "discord"
2023-11-17T14:29:24.132Z 4: ✅ webContents.did-finish-load web1
2023-11-17T14:29:24.940Z 5: ✅ webContents.created web2 ""
2023-11-17T14:29:24.946Z 6: ✅ window.created win2 "Discord"
2023-11-17T14:29:30.526Z 7: ✅ webContents.did-finish-load web2
2023-11-17T14:29:30.622Z 8: window.close win1
2023-11-17T14:29:30.634Z 9: webContents.destroyed web1
2023-11-17T14:29:30.639Z 10: window.closed win1
2023-11-17T14:30:34.116Z 11: window.close win2
2023-11-17T14:31:30.998Z 0: 

----------------------------------------------
2023-11-17T14:31:31.018Z 1: Discord starting: {"releaseChannel":"stable","version":"0.0.31"}, modulepath: /home/comodino/.config/discord/0.0.31/modules
2023-11-17T14:46:28.669Z 12: window.close win2
