2023-11-16 14:55:14.759 [info] Extension host with pid 103635 started
2023-11-16 14:55:14.813 [info] ExtensionService#_doActivateExtension vscode.git-base, startup: true, activationEvent: '*', root cause: vscode.git
2023-11-16 14:55:14.819 [info] ExtensionService#_doActivateExtension vscode.git, startup: true, activationEvent: '*'
2023-11-16 14:55:14.842 [info] ExtensionService#_doActivateExtension vscode.github, startup: true, activationEvent: '*'
2023-11-16 14:55:14.876 [info] Eager extensions activated
2023-11-16 14:55:14.943 [info] ExtensionService#_doActivateExtension vscode.debug-auto-launch, startup: false, activationEvent: 'onStartupFinished'
2023-11-16 14:55:14.946 [info] ExtensionService#_doActivateExtension vscode.merge-conflict, startup: false, activationEvent: 'onStartupFinished'
2023-11-16 14:55:25.016 [info] Extension host terminating: renderer closed the MessagePort
2023-11-16 14:55:25.021 [info] Extension host with pid 103635 exiting with code 0
2023-11-16 14:55:25.898 [info] Extension host with pid 103764 started
2023-11-16 14:55:25.898 [info] Skipping acquiring lock for /home/comodino/.config/VSCodium/User/workspaceStorage/78107c06d4e70cd1ab5f963c70d393de.
2023-11-16 14:55:25.948 [info] ExtensionService#_doActivateExtension vscode.git-base, startup: true, activationEvent: '*'
2023-11-16 14:55:25.983 [info] ExtensionService#_doActivateExtension vscode.github, startup: true, activationEvent: '*'
2023-11-16 14:55:25.999 [info] Eager extensions activated
2023-11-16 14:55:26.013 [info] ExtensionService#_doActivateExtension vscode.debug-auto-launch, startup: false, activationEvent: 'onStartupFinished'
2023-11-16 14:55:26.015 [info] ExtensionService#_doActivateExtension vscode.merge-conflict, startup: false, activationEvent: 'onStartupFinished'
2023-11-16 14:55:29.181 [info] ExtensionService#_doActivateExtension vscode.git, startup: false, activationEvent: 'api', root cause: vscode.github
2023-11-16 14:55:32.537 [info] ExtensionService#_doActivateExtension vscode.emmet, startup: false, activationEvent: 'onLanguage'
2023-11-16 14:56:51.455 [info] Extension host terminating: renderer closed the MessagePort
2023-11-16 14:56:51.458 [info] Extension host with pid 103764 exiting with code 0
2023-11-16 14:56:52.764 [info] Extension host with pid 104413 started
2023-11-16 14:56:52.764 [info] Skipping acquiring lock for /home/comodino/.config/VSCodium/User/workspaceStorage/78107c06d4e70cd1ab5f963c70d393de.
2023-11-16 14:56:52.800 [info] ExtensionService#_doActivateExtension vscode.emmet, startup: false, activationEvent: 'onLanguage'
2023-11-16 14:56:52.836 [info] ExtensionService#_doActivateExtension vscode.git-base, startup: true, activationEvent: '*', root cause: vscode.git
2023-11-16 14:56:52.870 [info] ExtensionService#_doActivateExtension vscode.git, startup: true, activationEvent: '*'
2023-11-16 14:56:52.886 [info] ExtensionService#_doActivateExtension vscode.github, startup: true, activationEvent: '*'
2023-11-16 14:56:52.941 [info] Eager extensions activated
2023-11-16 14:56:52.961 [info] ExtensionService#_doActivateExtension vscode.debug-auto-launch, startup: false, activationEvent: 'onStartupFinished'
2023-11-16 14:56:52.963 [info] ExtensionService#_doActivateExtension vscode.merge-conflict, startup: false, activationEvent: 'onStartupFinished'
2023-11-16 14:59:21.596 [info] ExtensionService#_doActivateExtension ms-vscode.cpptools, startup: false, activationEvent: 'onLanguage:cpp'
2023-11-16 14:59:41.865 [info] Extension host terminating: renderer closed the MessagePort
2023-11-16 14:59:41.901 [info] Extension host with pid 104413 exiting with code 0
