2023-09-20 10:44:33.643 [warning] Via 'product.json#extensionEnabledApiProposals' extension 'ms-vscode.vscode-selfhost-test-provider' wants API proposal 'testContinuousRun' but that proposal DOES NOT EXIST. Likely, the proposal has been finalized (check 'vscode.d.ts') or was abandoned.
2023-09-20 10:44:33.698 [info] Initial editor state {"filesToOpenOrCreate":[{"fileUri":{"$mid":1,"path":"/home/comodino/lab0/1-intro-python.ipynb","scheme":"file"},"type":1,"exists":true,"options":{}}],"filesToDiff":[],"filesToMerge":[]}
2023-09-20 10:44:37.641 [info] [perf] Render performance baseline is 28ms
2023-09-20 10:51:40.724 [warning] Via 'product.json#extensionEnabledApiProposals' extension 'ms-vscode.vscode-selfhost-test-provider' wants API proposal 'testContinuousRun' but that proposal DOES NOT EXIST. Likely, the proposal has been finalized (check 'vscode.d.ts') or was abandoned.
2023-09-20 10:51:44.153 [info] [perf] Render performance baseline is 28ms
2023-09-20 10:52:45.582 [error] Cannot read properties of null (reading 'domNode'): TypeError: Cannot read properties of null (reading 'domNode')
    at E.updateItemInDOM (vscode-file://vscode-app/nix/store/g385gar445pv6p4i6giswmn52gsiflf6-vscodium-1.78.2.23132/lib/vscode/resources/app/out/vs/workbench/workbench.desktop.main.js:142:20150)
    at E.render (vscode-file://vscode-app/nix/store/g385gar445pv6p4i6giswmn52gsiflf6-vscodium-1.78.2.23132/lib/vscode/resources/app/out/vs/workbench/workbench.desktop.main.js:142:18191)
    at E.render (vscode-file://vscode-app/nix/store/g385gar445pv6p4i6giswmn52gsiflf6-vscodium-1.78.2.23132/lib/vscode/resources/app/out/vs/workbench/workbench.desktop.main.js:1049:55204)
    at E.updateElementHeight (vscode-file://vscode-app/nix/store/g385gar445pv6p4i6giswmn52gsiflf6-vscodium-1.78.2.23132/lib/vscode/resources/app/out/vs/workbench/workbench.desktop.main.js:142:13018)
    at e.NotebookCellList.updateElementHeight2 (vscode-file://vscode-app/nix/store/g385gar445pv6p4i6giswmn52gsiflf6-vscodium-1.78.2.23132/lib/vscode/resources/app/out/vs/workbench/workbench.desktop.main.js:1558:123979)
    at Pe (vscode-file://vscode-app/nix/store/g385gar445pv6p4i6giswmn52gsiflf6-vscodium-1.78.2.23132/lib/vscode/resources/app/out/vs/workbench/workbench.desktop.main.js:2196:27800)
    at e.NotebookEditorWidget.layoutNotebookCell (vscode-file://vscode-app/nix/store/g385gar445pv6p4i6giswmn52gsiflf6-vscodium-1.78.2.23132/lib/vscode/resources/app/out/vs/workbench/workbench.desktop.main.js:2196:28026)
    at vscode-file://vscode-app/nix/store/g385gar445pv6p4i6giswmn52gsiflf6-vscodium-1.78.2.23132/lib/vscode/resources/app/out/vs/workbench/workbench.desktop.main.js:2196:14691
    at f.invoke (vscode-file://vscode-app/nix/store/g385gar445pv6p4i6giswmn52gsiflf6-vscodium-1.78.2.23132/lib/vscode/resources/app/out/vs/workbench/workbench.desktop.main.js:93:145)
    at s.deliver (vscode-file://vscode-app/nix/store/g385gar445pv6p4i6giswmn52gsiflf6-vscodium-1.78.2.23132/lib/vscode/resources/app/out/vs/workbench/workbench.desktop.main.js:93:2680)
    at a.fire (vscode-file://vscode-app/nix/store/g385gar445pv6p4i6giswmn52gsiflf6-vscodium-1.78.2.23132/lib/vscode/resources/app/out/vs/workbench/workbench.desktop.main.js:93:2213)
    at a.fire (vscode-file://vscode-app/nix/store/g385gar445pv6p4i6giswmn52gsiflf6-vscodium-1.78.2.23132/lib/vscode/resources/app/out/vs/workbench/workbench.desktop.main.js:93:4048)
    at e.CodeCellViewModel._fireOnDidChangeLayout (vscode-file://vscode-app/nix/store/g385gar445pv6p4i6giswmn52gsiflf6-vscodium-1.78.2.23132/lib/vscode/resources/app/out/vs/workbench/workbench.desktop.main.js:1558:83626)
    at e.CodeCellViewModel.layoutChange (vscode-file://vscode-app/nix/store/g385gar445pv6p4i6giswmn52gsiflf6-vscodium-1.78.2.23132/lib/vscode/resources/app/out/vs/workbench/workbench.desktop.main.js:1558:83481)
    at set editorHeight [as editorHeight] (vscode-file://vscode-app/nix/store/g385gar445pv6p4i6giswmn52gsiflf6-vscodium-1.78.2.23132/lib/vscode/resources/app/out/vs/workbench/workbench.desktop.main.js:1558:77176)
    at new e.CodeCell (vscode-file://vscode-app/nix/store/g385gar445pv6p4i6giswmn52gsiflf6-vscodium-1.78.2.23132/lib/vscode/resources/app/out/vs/workbench/workbench.desktop.main.js:1638:98646)
    at d._createInstance (vscode-file://vscode-app/nix/store/g385gar445pv6p4i6giswmn52gsiflf6-vscodium-1.78.2.23132/lib/vscode/resources/app/out/vs/workbench/workbench.desktop.main.js:619:1522)
    at d.createInstance (vscode-file://vscode-app/nix/store/g385gar445pv6p4i6giswmn52gsiflf6-vscodium-1.78.2.23132/lib/vscode/resources/app/out/vs/workbench/workbench.desktop.main.js:619:947)
    at Vc.renderElement (vscode-file://vscode-app/nix/store/g385gar445pv6p4i6giswmn52gsiflf6-vscodium-1.78.2.23132/lib/vscode/resources/app/out/vs/workbench/workbench.desktop.main.js:2064:12704)
    at U.renderElement (vscode-file://vscode-app/nix/store/g385gar445pv6p4i6giswmn52gsiflf6-vscodium-1.78.2.23132/lib/vscode/resources/app/out/vs/workbench/workbench.desktop.main.js:175:2095)
    at E.insertItemInDOM (vscode-file://vscode-app/nix/store/g385gar445pv6p4i6giswmn52gsiflf6-vscodium-1.78.2.23132/lib/vscode/resources/app/out/vs/workbench/workbench.desktop.main.js:142:19446)
    at E._splice (vscode-file://vscode-app/nix/store/g385gar445pv6p4i6giswmn52gsiflf6-vscodium-1.78.2.23132/lib/vscode/resources/app/out/vs/workbench/workbench.desktop.main.js:142:15159)
    at E.splice (vscode-file://vscode-app/nix/store/g385gar445pv6p4i6giswmn52gsiflf6-vscodium-1.78.2.23132/lib/vscode/resources/app/out/vs/workbench/workbench.desktop.main.js:142:13378)
    at vscode-file://vscode-app/nix/store/g385gar445pv6p4i6giswmn52gsiflf6-vscodium-1.78.2.23132/lib/vscode/resources/app/out/vs/workbench/workbench.desktop.main.js:3:221818
    at Array.forEach (<anonymous>)
    at t.splice (vscode-file://vscode-app/nix/store/g385gar445pv6p4i6giswmn52gsiflf6-vscodium-1.78.2.23132/lib/vscode/resources/app/out/vs/workbench/workbench.desktop.main.js:3:221805)
    at vscode-file://vscode-app/nix/store/g385gar445pv6p4i6giswmn52gsiflf6-vscodium-1.78.2.23132/lib/vscode/resources/app/out/vs/workbench/workbench.desktop.main.js:175:8944
    at m.bufferEvents (vscode-file://vscode-app/nix/store/g385gar445pv6p4i6giswmn52gsiflf6-vscodium-1.78.2.23132/lib/vscode/resources/app/out/vs/workbench/workbench.desktop.main.js:93:5652)
    at e.NotebookCellList.splice (vscode-file://vscode-app/nix/store/g385gar445pv6p4i6giswmn52gsiflf6-vscodium-1.78.2.23132/lib/vscode/resources/app/out/vs/workbench/workbench.desktop.main.js:175:8911)
    at e.NotebookCellList.splice2 (vscode-file://vscode-app/nix/store/g385gar445pv6p4i6giswmn52gsiflf6-vscodium-1.78.2.23132/lib/vscode/resources/app/out/vs/workbench/workbench.desktop.main.js:1558:113885)
    at vscode-file://vscode-app/nix/store/g385gar445pv6p4i6giswmn52gsiflf6-vscodium-1.78.2.23132/lib/vscode/resources/app/out/vs/workbench/workbench.desktop.main.js:1558:112402
    at Array.forEach (<anonymous>)
    at e.NotebookCellList._updateElementsInWebview (vscode-file://vscode-app/nix/store/g385gar445pv6p4i6giswmn52gsiflf6-vscodium-1.78.2.23132/lib/vscode/resources/app/out/vs/workbench/workbench.desktop.main.js:1558:112163)
    at e.NotebookCellList.updateHiddenAreasInView (vscode-file://vscode-app/nix/store/g385gar445pv6p4i6giswmn52gsiflf6-vscodium-1.78.2.23132/lib/vscode/resources/app/out/vs/workbench/workbench.desktop.main.js:1558:113735)
    at e.NotebookCellList.setHiddenAreas (vscode-file://vscode-app/nix/store/g385gar445pv6p4i6giswmn52gsiflf6-vscodium-1.78.2.23132/lib/vscode/resources/app/out/vs/workbench/workbench.desktop.main.js:1558:113158)
    at e.NotebookEditorWidget.setHiddenAreas (vscode-file://vscode-app/nix/store/g385gar445pv6p4i6giswmn52gsiflf6-vscodium-1.78.2.23132/lib/vscode/resources/app/out/vs/workbench/workbench.desktop.main.js:2196:25813)
    at i._updateEditorFoldingRanges (vscode-file://vscode-app/nix/store/g385gar445pv6p4i6giswmn52gsiflf6-vscodium-1.78.2.23132/lib/vscode/resources/app/out/vs/workbench/workbench.desktop.main.js:1158:126861)
    at i.setFoldingStateUp (vscode-file://vscode-app/nix/store/g385gar445pv6p4i6giswmn52gsiflf6-vscodium-1.78.2.23132/lib/vscode/resources/app/out/vs/workbench/workbench.desktop.main.js:1158:126595)
    at i.onMouseUp (vscode-file://vscode-app/nix/store/g385gar445pv6p4i6giswmn52gsiflf6-vscodium-1.78.2.23132/lib/vscode/resources/app/out/vs/workbench/workbench.desktop.main.js:1158:127277)
    at vscode-file://vscode-app/nix/store/g385gar445pv6p4i6giswmn52gsiflf6-vscodium-1.78.2.23132/lib/vscode/resources/app/out/vs/workbench/workbench.desktop.main.js:1158:125351
    at f.invoke (vscode-file://vscode-app/nix/store/g385gar445pv6p4i6giswmn52gsiflf6-vscodium-1.78.2.23132/lib/vscode/resources/app/out/vs/workbench/workbench.desktop.main.js:93:145)
    at s.deliver (vscode-file://vscode-app/nix/store/g385gar445pv6p4i6giswmn52gsiflf6-vscodium-1.78.2.23132/lib/vscode/resources/app/out/vs/workbench/workbench.desktop.main.js:93:2680)
    at r.fire (vscode-file://vscode-app/nix/store/g385gar445pv6p4i6giswmn52gsiflf6-vscodium-1.78.2.23132/lib/vscode/resources/app/out/vs/workbench/workbench.desktop.main.js:93:2213)
    at vscode-file://vscode-app/nix/store/g385gar445pv6p4i6giswmn52gsiflf6-vscodium-1.78.2.23132/lib/vscode/resources/app/out/vs/workbench/workbench.desktop.main.js:2196:2945
    at f.invoke (vscode-file://vscode-app/nix/store/g385gar445pv6p4i6giswmn52gsiflf6-vscodium-1.78.2.23132/lib/vscode/resources/app/out/vs/workbench/workbench.desktop.main.js:93:145)
    at s.deliver (vscode-file://vscode-app/nix/store/g385gar445pv6p4i6giswmn52gsiflf6-vscodium-1.78.2.23132/lib/vscode/resources/app/out/vs/workbench/workbench.desktop.main.js:93:2680)
    at r.fire (vscode-file://vscode-app/nix/store/g385gar445pv6p4i6giswmn52gsiflf6-vscodium-1.78.2.23132/lib/vscode/resources/app/out/vs/workbench/workbench.desktop.main.js:93:2213)
    at vscode-file://vscode-app/nix/store/g385gar445pv6p4i6giswmn52gsiflf6-vscodium-1.78.2.23132/lib/vscode/resources/app/out/vs/workbench/workbench.desktop.main.js:91:27412
    at f.invoke (vscode-file://vscode-app/nix/store/g385gar445pv6p4i6giswmn52gsiflf6-vscodium-1.78.2.23132/lib/vscode/resources/app/out/vs/workbench/workbench.desktop.main.js:93:145)
    at s.deliver (vscode-file://vscode-app/nix/store/g385gar445pv6p4i6giswmn52gsiflf6-vscodium-1.78.2.23132/lib/vscode/resources/app/out/vs/workbench/workbench.desktop.main.js:93:2680)
    at r.fire (vscode-file://vscode-app/nix/store/g385gar445pv6p4i6giswmn52gsiflf6-vscodium-1.78.2.23132/lib/vscode/resources/app/out/vs/workbench/workbench.desktop.main.js:93:2213)
    at HTMLDivElement.C (vscode-file://vscode-app/nix/store/g385gar445pv6p4i6giswmn52gsiflf6-vscodium-1.78.2.23132/lib/vscode/resources/app/out/vs/workbench/workbench.desktop.main.js:93:10905)
2023-09-20 10:53:05.538 [error] Cannot read properties of undefined (reading 'element'): TypeError: Cannot read properties of undefined (reading 'element')
    at E.element (vscode-file://vscode-app/nix/store/g385gar445pv6p4i6giswmn52gsiflf6-vscodium-1.78.2.23132/lib/vscode/resources/app/out/vs/workbench/workbench.desktop.main.js:142:17107)
    at e.NotebookCellList.element (vscode-file://vscode-app/nix/store/g385gar445pv6p4i6giswmn52gsiflf6-vscodium-1.78.2.23132/lib/vscode/resources/app/out/vs/workbench/workbench.desktop.main.js:175:9124)
    at e.NotebookCellList.setFocus (vscode-file://vscode-app/nix/store/g385gar445pv6p4i6giswmn52gsiflf6-vscodium-1.78.2.23132/lib/vscode/resources/app/out/vs/workbench/workbench.desktop.main.js:1558:116794)
    at x.onViewPointer (vscode-file://vscode-app/nix/store/g385gar445pv6p4i6giswmn52gsiflf6-vscodium-1.78.2.23132/lib/vscode/resources/app/out/vs/workbench/workbench.desktop.main.js:142:44742)
    at vscode-file://vscode-app/nix/store/g385gar445pv6p4i6giswmn52gsiflf6-vscodium-1.78.2.23132/lib/vscode/resources/app/out/vs/workbench/workbench.desktop.main.js:91:27771
    at f.invoke (vscode-file://vscode-app/nix/store/g385gar445pv6p4i6giswmn52gsiflf6-vscodium-1.78.2.23132/lib/vscode/resources/app/out/vs/workbench/workbench.desktop.main.js:93:145)
    at s.deliver (vscode-file://vscode-app/nix/store/g385gar445pv6p4i6giswmn52gsiflf6-vscodium-1.78.2.23132/lib/vscode/resources/app/out/vs/workbench/workbench.desktop.main.js:93:2680)
    at r.fire (vscode-file://vscode-app/nix/store/g385gar445pv6p4i6giswmn52gsiflf6-vscodium-1.78.2.23132/lib/vscode/resources/app/out/vs/workbench/workbench.desktop.main.js:93:2213)
    at vscode-file://vscode-app/nix/store/g385gar445pv6p4i6giswmn52gsiflf6-vscodium-1.78.2.23132/lib/vscode/resources/app/out/vs/workbench/workbench.desktop.main.js:91:27412
    at f.invoke (vscode-file://vscode-app/nix/store/g385gar445pv6p4i6giswmn52gsiflf6-vscodium-1.78.2.23132/lib/vscode/resources/app/out/vs/workbench/workbench.desktop.main.js:93:145)
    at s.deliver (vscode-file://vscode-app/nix/store/g385gar445pv6p4i6giswmn52gsiflf6-vscodium-1.78.2.23132/lib/vscode/resources/app/out/vs/workbench/workbench.desktop.main.js:93:2680)
    at r.fire (vscode-file://vscode-app/nix/store/g385gar445pv6p4i6giswmn52gsiflf6-vscodium-1.78.2.23132/lib/vscode/resources/app/out/vs/workbench/workbench.desktop.main.js:93:2213)
    at HTMLDivElement.C (vscode-file://vscode-app/nix/store/g385gar445pv6p4i6giswmn52gsiflf6-vscodium-1.78.2.23132/lib/vscode/resources/app/out/vs/workbench/workbench.desktop.main.js:93:10905)
