2023-09-20 10:44:33.815 [info] Added views:workbench.panel.markers.view in workbench.panel.markers
2023-09-20 10:44:33.815 [info] Added views:workbench.panel.output in workbench.panel.output
2023-09-20 10:44:33.815 [info] Added views:terminal in terminal
2023-09-20 10:44:33.815 [info] Added views:outline in workbench.view.explorer
2023-09-20 10:44:33.815 [info] Added views:workbench.scm in workbench.view.scm
2023-09-20 10:44:33.815 [info] Added views:workbench.view.search in workbench.view.search
2023-09-20 10:44:33.815 [info] Added views:timeline in workbench.view.explorer
2023-09-20 10:44:33.815 [info] Added views:workbench.explorer.emptyView in workbench.view.explorer
2023-09-20 10:44:33.992 [info] Added views:workbench.debug.variablesView,workbench.debug.watchExpressionsView,workbench.debug.callStackView,workbench.debug.breakPointsView in workbench.view.debug
2023-09-20 10:44:34.145 [info] Added views:workbench.panel.repl.view in workbench.panel.repl
2023-09-20 10:44:34.147 [info] Removed views:workbench.debug.breakPointsView,workbench.debug.callStackView,workbench.debug.watchExpressionsView,workbench.debug.variablesView from workbench.view.debug
2023-09-20 10:44:34.147 [info] Added views:workbench.debug.welcome in workbench.view.debug
2023-09-20 10:51:40.854 [info] Added views:workbench.panel.markers.view in workbench.panel.markers
2023-09-20 10:51:40.854 [info] Added views:workbench.panel.output in workbench.panel.output
2023-09-20 10:51:40.854 [info] Added views:terminal in terminal
2023-09-20 10:51:40.854 [info] Added views:outline in workbench.view.explorer
2023-09-20 10:51:40.854 [info] Added views:workbench.scm in workbench.view.scm
2023-09-20 10:51:40.854 [info] Added views:workbench.view.search in workbench.view.search
2023-09-20 10:51:40.854 [info] Added views:timeline in workbench.view.explorer
2023-09-20 10:51:40.854 [info] Added views:workbench.explorer.fileView in workbench.view.explorer
2023-09-20 10:51:41.066 [info] Added views:workbench.debug.variablesView,workbench.debug.watchExpressionsView,workbench.debug.callStackView,workbench.debug.breakPointsView in workbench.view.debug
2023-09-20 10:51:41.371 [info] Added views:workbench.panel.repl.view in workbench.panel.repl
2023-09-20 10:51:41.373 [info] Removed views:workbench.debug.breakPointsView,workbench.debug.callStackView,workbench.debug.watchExpressionsView,workbench.debug.variablesView from workbench.view.debug
2023-09-20 10:51:41.374 [info] Added views:workbench.debug.welcome in workbench.view.debug
2023-09-20 10:52:09.656 [info] Added views:workbench.view.testing in workbench.view.extension.test
2023-09-20 10:52:14.245 [info] Added views:jupyterViewVariables,cell-tag in workbench.view.extension.jupyter-variables
2023-09-20 10:52:38.974 [info] Removed views:cell-tag,jupyterViewVariables from workbench.view.extension.jupyter-variables
2023-09-20 10:52:40.061 [info] Added views:jupyterViewVariables,cell-tag in workbench.view.extension.jupyter-variables
2023-09-20 10:55:53.156 [info] Added views:workbench.views.extensions.installed,workbench.views.extensions.popular,extensions.recommendedList in workbench.view.extensions
2023-09-20 10:55:53.167 [info] Removed views:workbench.views.extensions.popular from workbench.view.extensions
2023-09-20 10:56:01.444 [info] Removed views:extensions.recommendedList,workbench.views.extensions.installed from workbench.view.extensions
2023-09-20 10:56:01.462 [info] Added views:workbench.views.extensions.marketplace in workbench.view.extensions
2023-09-20 11:00:56.645 [info] Removed views:workbench.view.testing from workbench.view.extension.test
