2023-11-16 14:59:45.780 [info] Extension host with pid 105472 started
2023-11-16 14:59:45.780 [info] Skipping acquiring lock for /home/comodino/.config/VSCodium/User/workspaceStorage/78107c06d4e70cd1ab5f963c70d393de.
2023-11-16 14:59:45.859 [info] ExtensionService#_doActivateExtension vscode.emmet, startup: false, activationEvent: 'onLanguage'
2023-11-16 14:59:45.865 [info] ExtensionService#_doActivateExtension ms-vscode.cpptools, startup: false, activationEvent: 'onLanguage:cpp'
2023-11-16 14:59:46.643 [info] ExtensionService#_doActivateExtension vscode.git-base, startup: true, activationEvent: '*', root cause: vscode.git
2023-11-16 14:59:46.670 [info] ExtensionService#_doActivateExtension vscode.git, startup: true, activationEvent: '*'
2023-11-16 14:59:46.687 [info] ExtensionService#_doActivateExtension vscode.github, startup: true, activationEvent: '*'
2023-11-16 14:59:46.790 [info] ExtensionService#_doActivateExtension ms-vscode.vscode-serial-monitor, startup: true, activationEvent: 'workspaceContains:**/*.ino', root cause: vsciot-vscode.vscode-arduino
2023-11-16 14:59:46.862 [error] Activating extension ms-vscode.vscode-serial-monitor failed due to an error:
2023-11-16 14:59:46.862 [error] Error: libudev.so.1: cannot open shared object file: No such file or directory
	at process.func [as dlopen] (node:electron/js2c/asar_bundle:2:1822)
	at Module._extensions..node (node:internal/modules/cjs/loader:1226:18)
	at Object.func [as .node] (node:electron/js2c/asar_bundle:2:1822)
	at Module.load (node:internal/modules/cjs/loader:1011:32)
	at Module._load (node:internal/modules/cjs/loader:846:12)
	at f._load (node:electron/js2c/asar_bundle:2:13330)
	at v._load (/nix/store/94kdlk4g3x5qv3c712lca4n0c9mrc1wy-vscodium-1.78.2.23132/lib/vscode/resources/app/out/vs/workbench/api/node/extensionHostProcess.js:126:34006)
	at h._load (/nix/store/94kdlk4g3x5qv3c712lca4n0c9mrc1wy-vscodium-1.78.2.23132/lib/vscode/resources/app/out/vs/workbench/api/node/extensionHostProcess.js:126:30452)
	at C._load (/nix/store/94kdlk4g3x5qv3c712lca4n0c9mrc1wy-vscodium-1.78.2.23132/lib/vscode/resources/app/out/vs/workbench/api/node/extensionHostProcess.js:90:26470)
	at Module.require (node:internal/modules/cjs/loader:1035:19)
	at g (/nix/store/94kdlk4g3x5qv3c712lca4n0c9mrc1wy-vscodium-1.78.2.23132/lib/vscode/resources/app/out/vs/loader.js:4:647)
	at load (/home/comodino/.vscode-oss/extensions/ms-vscode.vscode-serial-monitor-0.10.231102001/dist/node_modules/node-gyp-build/index.js:1:690)
	at Object.<anonymous> (/home/comodino/.vscode-oss/extensions/ms-vscode.vscode-serial-monitor-0.10.231102001/dist/node_modules/usb/dist/usb/bindings.js:1:187)
	at u._compile (/nix/store/94kdlk4g3x5qv3c712lca4n0c9mrc1wy-vscodium-1.78.2.23132/lib/vscode/resources/app/out/vs/loader.js:4:1271)
	at Module._extensions..js (node:internal/modules/cjs/loader:1196:10)
	at Module.load (node:internal/modules/cjs/loader:1011:32)
	at Module._load (node:internal/modules/cjs/loader:846:12)
	at f._load (node:electron/js2c/asar_bundle:2:13330)
	at v._load (/nix/store/94kdlk4g3x5qv3c712lca4n0c9mrc1wy-vscodium-1.78.2.23132/lib/vscode/resources/app/out/vs/workbench/api/node/extensionHostProcess.js:126:34006)
	at h._load (/nix/store/94kdlk4g3x5qv3c712lca4n0c9mrc1wy-vscodium-1.78.2.23132/lib/vscode/resources/app/out/vs/workbench/api/node/extensionHostProcess.js:126:30452)
	at C._load (/nix/store/94kdlk4g3x5qv3c712lca4n0c9mrc1wy-vscodium-1.78.2.23132/lib/vscode/resources/app/out/vs/workbench/api/node/extensionHostProcess.js:90:26470)
	at Module.require (node:internal/modules/cjs/loader:1035:19)
	at g (/nix/store/94kdlk4g3x5qv3c712lca4n0c9mrc1wy-vscodium-1.78.2.23132/lib/vscode/resources/app/out/vs/loader.js:4:647)
	at Object.<anonymous> (/home/comodino/.vscode-oss/extensions/ms-vscode.vscode-serial-monitor-0.10.231102001/dist/node_modules/usb/dist/usb/device.js:1:169)
	at u._compile (/nix/store/94kdlk4g3x5qv3c712lca4n0c9mrc1wy-vscodium-1.78.2.23132/lib/vscode/resources/app/out/vs/loader.js:4:1271)
	at Module._extensions..js (node:internal/modules/cjs/loader:1196:10)
	at Module.load (node:internal/modules/cjs/loader:1011:32)
	at Module._load (node:internal/modules/cjs/loader:846:12)
	at f._load (node:electron/js2c/asar_bundle:2:13330)
	at v._load (/nix/store/94kdlk4g3x5qv3c712lca4n0c9mrc1wy-vscodium-1.78.2.23132/lib/vscode/resources/app/out/vs/workbench/api/node/extensionHostProcess.js:126:34006)
	at h._load (/nix/store/94kdlk4g3x5qv3c712lca4n0c9mrc1wy-vscodium-1.78.2.23132/lib/vscode/resources/app/out/vs/workbench/api/node/extensionHostProcess.js:126:30452)
	at C._load (/nix/store/94kdlk4g3x5qv3c712lca4n0c9mrc1wy-vscodium-1.78.2.23132/lib/vscode/resources/app/out/vs/workbench/api/node/extensionHostProcess.js:90:26470)
	at Module.require (node:internal/modules/cjs/loader:1035:19)
	at g (/nix/store/94kdlk4g3x5qv3c712lca4n0c9mrc1wy-vscodium-1.78.2.23132/lib/vscode/resources/app/out/vs/loader.js:4:647)
	at Object.<anonymous> (/home/comodino/.vscode-oss/extensions/ms-vscode.vscode-serial-monitor-0.10.231102001/dist/node_modules/usb/dist/usb/index.js:1:444)
	at u._compile (/nix/store/94kdlk4g3x5qv3c712lca4n0c9mrc1wy-vscodium-1.78.2.23132/lib/vscode/resources/app/out/vs/loader.js:4:1271)
	at Module._extensions..js (node:internal/modules/cjs/loader:1196:10)
	at Module.load (node:internal/modules/cjs/loader:1011:32)
	at Module._load (node:internal/modules/cjs/loader:846:12)
	at f._load (node:electron/js2c/asar_bundle:2:13330)
	at v._load (/nix/store/94kdlk4g3x5qv3c712lca4n0c9mrc1wy-vscodium-1.78.2.23132/lib/vscode/resources/app/out/vs/workbench/api/node/extensionHostProcess.js:126:34006)
	at h._load (/nix/store/94kdlk4g3x5qv3c712lca4n0c9mrc1wy-vscodium-1.78.2.23132/lib/vscode/resources/app/out/vs/workbench/api/node/extensionHostProcess.js:126:30452)
	at C._load (/nix/store/94kdlk4g3x5qv3c712lca4n0c9mrc1wy-vscodium-1.78.2.23132/lib/vscode/resources/app/out/vs/workbench/api/node/extensionHostProcess.js:90:26470)
	at Module.require (node:internal/modules/cjs/loader:1035:19)
	at g (/nix/store/94kdlk4g3x5qv3c712lca4n0c9mrc1wy-vscodium-1.78.2.23132/lib/vscode/resources/app/out/vs/loader.js:4:647)
	at Object.<anonymous> (/home/comodino/.vscode-oss/extensions/ms-vscode.vscode-serial-monitor-0.10.231102001/dist/node_modules/usb/dist/webusb/index.js:1:1932)
	at u._compile (/nix/store/94kdlk4g3x5qv3c712lca4n0c9mrc1wy-vscodium-1.78.2.23132/lib/vscode/resources/app/out/vs/loader.js:4:1271)
	at Module._extensions..js (node:internal/modules/cjs/loader:1196:10)
	at Module.load (node:internal/modules/cjs/loader:1011:32)
	at Module._load (node:internal/modules/cjs/loader:846:12)
	at f._load (node:electron/js2c/asar_bundle:2:13330)
	at v._load (/nix/store/94kdlk4g3x5qv3c712lca4n0c9mrc1wy-vscodium-1.78.2.23132/lib/vscode/resources/app/out/vs/workbench/api/node/extensionHostProcess.js:126:34006)
	at h._load (/nix/store/94kdlk4g3x5qv3c712lca4n0c9mrc1wy-vscodium-1.78.2.23132/lib/vscode/resources/app/out/vs/workbench/api/node/extensionHostProcess.js:126:30452)
	at C._load (/nix/store/94kdlk4g3x5qv3c712lca4n0c9mrc1wy-vscodium-1.78.2.23132/lib/vscode/resources/app/out/vs/workbench/api/node/extensionHostProcess.js:90:26470)
	at Module.require (node:internal/modules/cjs/loader:1035:19)
	at g (/nix/store/94kdlk4g3x5qv3c712lca4n0c9mrc1wy-vscodium-1.78.2.23132/lib/vscode/resources/app/out/vs/loader.js:4:647)
	at Object.<anonymous> (/home/comodino/.vscode-oss/extensions/ms-vscode.vscode-serial-monitor-0.10.231102001/dist/node_modules/usb/dist/index.js:1:2099)
	at u._compile (/nix/store/94kdlk4g3x5qv3c712lca4n0c9mrc1wy-vscodium-1.78.2.23132/lib/vscode/resources/app/out/vs/loader.js:4:1271)
	at Module._extensions..js (node:internal/modules/cjs/loader:1196:10)
	at Module.load (node:internal/modules/cjs/loader:1011:32)
	at Module._load (node:internal/modules/cjs/loader:846:12)
	at f._load (node:electron/js2c/asar_bundle:2:13330)
	at v._load (/nix/store/94kdlk4g3x5qv3c712lca4n0c9mrc1wy-vscodium-1.78.2.23132/lib/vscode/resources/app/out/vs/workbench/api/node/extensionHostProcess.js:126:34006)
	at h._load (/nix/store/94kdlk4g3x5qv3c712lca4n0c9mrc1wy-vscodium-1.78.2.23132/lib/vscode/resources/app/out/vs/workbench/api/node/extensionHostProcess.js:126:30452)
	at C._load (/nix/store/94kdlk4g3x5qv3c712lca4n0c9mrc1wy-vscodium-1.78.2.23132/lib/vscode/resources/app/out/vs/workbench/api/node/extensionHostProcess.js:90:26470)
	at Module.require (node:internal/modules/cjs/loader:1035:19)
	at g (/nix/store/94kdlk4g3x5qv3c712lca4n0c9mrc1wy-vscodium-1.78.2.23132/lib/vscode/resources/app/out/vs/loader.js:4:647)
	at 1772 (/home/comodino/.vscode-oss/extensions/ms-vscode.vscode-serial-monitor-0.10.231102001/dist/extension.js:1:478960)
	at o (/home/comodino/.vscode-oss/extensions/ms-vscode.vscode-serial-monitor-0.10.231102001/dist/extension.js:1:800518)
	at 4993 (/home/comodino/.vscode-oss/extensions/ms-vscode.vscode-serial-monitor-0.10.231102001/dist/extension.js:1:37137)
	at o (/home/comodino/.vscode-oss/extensions/ms-vscode.vscode-serial-monitor-0.10.231102001/dist/extension.js:1:800518)
	at 6406 (/home/comodino/.vscode-oss/extensions/ms-vscode.vscode-serial-monitor-0.10.231102001/dist/extension.js:1:34162)
	at o (/home/comodino/.vscode-oss/extensions/ms-vscode.vscode-serial-monitor-0.10.231102001/dist/extension.js:1:800518)
	at 7348 (/home/comodino/.vscode-oss/extensions/ms-vscode.vscode-serial-monitor-0.10.231102001/dist/extension.js:1:30972)
	at o (/home/comodino/.vscode-oss/extensions/ms-vscode.vscode-serial-monitor-0.10.231102001/dist/extension.js:1:800518)
	at 5000 (/home/comodino/.vscode-oss/extensions/ms-vscode.vscode-serial-monitor-0.10.231102001/dist/extension.js:1:32877)
	at o (/home/comodino/.vscode-oss/extensions/ms-vscode.vscode-serial-monitor-0.10.231102001/dist/extension.js:1:800518)
	at 8604 (/home/comodino/.vscode-oss/extensions/ms-vscode.vscode-serial-monitor-0.10.231102001/dist/extension.js:1:468310)
	at o (/home/comodino/.vscode-oss/extensions/ms-vscode.vscode-serial-monitor-0.10.231102001/dist/extension.js:1:800518)
	at 7258 (/home/comodino/.vscode-oss/extensions/ms-vscode.vscode-serial-monitor-0.10.231102001/dist/extension.js:1:461328)
	at o (/home/comodino/.vscode-oss/extensions/ms-vscode.vscode-serial-monitor-0.10.231102001/dist/extension.js:1:800518)
	at /home/comodino/.vscode-oss/extensions/ms-vscode.vscode-serial-monitor-0.10.231102001/dist/extension.js:1:801255
	at Object.<anonymous> (/home/comodino/.vscode-oss/extensions/ms-vscode.vscode-serial-monitor-0.10.231102001/dist/extension.js:1:801281)
	at u._compile (/nix/store/94kdlk4g3x5qv3c712lca4n0c9mrc1wy-vscodium-1.78.2.23132/lib/vscode/resources/app/out/vs/loader.js:4:1271)
	at Module._extensions..js (node:internal/modules/cjs/loader:1196:10)
	at Module.load (node:internal/modules/cjs/loader:1011:32)
	at Module._load (node:internal/modules/cjs/loader:846:12)
	at f._load (node:electron/js2c/asar_bundle:2:13330)
	at v._load (/nix/store/94kdlk4g3x5qv3c712lca4n0c9mrc1wy-vscodium-1.78.2.23132/lib/vscode/resources/app/out/vs/workbench/api/node/extensionHostProcess.js:126:34006)
	at h._load (/nix/store/94kdlk4g3x5qv3c712lca4n0c9mrc1wy-vscodium-1.78.2.23132/lib/vscode/resources/app/out/vs/workbench/api/node/extensionHostProcess.js:126:30452)
	at C._load (/nix/store/94kdlk4g3x5qv3c712lca4n0c9mrc1wy-vscodium-1.78.2.23132/lib/vscode/resources/app/out/vs/workbench/api/node/extensionHostProcess.js:90:26470)
	at Module.require (node:internal/modules/cjs/loader:1035:19)
	at require (node:internal/modules/cjs/helpers:102:18)
	at Function.i [as __$__nodeRequire] (/nix/store/94kdlk4g3x5qv3c712lca4n0c9mrc1wy-vscodium-1.78.2.23132/lib/vscode/resources/app/out/vs/loader.js:5:98)
	at b._loadCommonJSModule (/nix/store/94kdlk4g3x5qv3c712lca4n0c9mrc1wy-vscodium-1.78.2.23132/lib/vscode/resources/app/out/vs/workbench/api/node/extensionHostProcess.js:126:32012)
	at async Promise.all (index 0)
2023-11-16 14:59:46.862 [info] Eager extensions activated
2023-11-16 14:59:46.888 [info] ExtensionService#_doActivateExtension vscode.debug-auto-launch, startup: false, activationEvent: 'onStartupFinished'
2023-11-16 14:59:46.889 [info] ExtensionService#_doActivateExtension vscode.merge-conflict, startup: false, activationEvent: 'onStartupFinished'
2023-11-16 15:00:40.547 [warning] ms-vscode.cpptools - Code actions of kind 'quickfix 'requested but returned code action is of kind 'refactor.extract.function'. Code action will be dropped. Please check 'CodeActionContext.only' to only return requested code actions.
2023-11-16 15:00:41.912 [warning] ms-vscode.cpptools - Code actions of kind 'quickfix 'requested but returned code action is of kind 'refactor.extract.function'. Code action will be dropped. Please check 'CodeActionContext.only' to only return requested code actions.
2023-11-16 15:02:42.854 [info] ExtensionService#_doActivateExtension vscode.json-language-features, startup: false, activationEvent: 'onLanguage:jsonc'
2023-11-16 15:02:42.879 [info] ExtensionService#_doActivateExtension vscode.typescript-language-features, startup: false, activationEvent: 'onLanguage:jsonc'
2023-11-16 15:03:19.112 [warning] ms-vscode.cpptools - Code actions of kind 'quickfix 'requested but returned code action is of kind 'refactor.extract.function'. Code action will be dropped. Please check 'CodeActionContext.only' to only return requested code actions.
2023-11-16 15:03:19.712 [warning] ms-vscode.cpptools - Code actions of kind 'quickfix 'requested but returned code action is of kind 'refactor.extract.function'. Code action will be dropped. Please check 'CodeActionContext.only' to only return requested code actions.
2023-11-16 15:08:26.915 [warning] ms-vscode.cpptools - Code actions of kind 'quickfix 'requested but returned code action is of kind 'refactor.extract.function'. Code action will be dropped. Please check 'CodeActionContext.only' to only return requested code actions.
2023-11-16 15:08:41.928 [warning] ms-vscode.cpptools - Code actions of kind 'quickfix 'requested but returned code action is of kind 'refactor.extract.function'. Code action will be dropped. Please check 'CodeActionContext.only' to only return requested code actions.
2023-11-16 15:09:04.061 [warning] ms-vscode.cpptools - Code actions of kind 'quickfix 'requested but returned code action is of kind 'refactor.extract.function'. Code action will be dropped. Please check 'CodeActionContext.only' to only return requested code actions.
2023-11-16 15:09:20.992 [info] Extension host terminating: renderer closed the MessagePort
2023-11-16 15:09:21.008 [info] Extension host with pid 105472 exiting with code 0
