2023-11-16 14:52:27.962 [info] Extension host with pid 102584 started
2023-11-16 14:52:28.024 [info] ExtensionService#_doActivateExtension vscode.git-base, startup: true, activationEvent: '*'
2023-11-16 14:52:28.060 [info] ExtensionService#_doActivateExtension vscode.github, startup: true, activationEvent: '*'
2023-11-16 14:52:28.064 [info] Eager extensions activated
2023-11-16 14:52:28.071 [info] ExtensionService#_doActivateExtension vscode.debug-auto-launch, startup: false, activationEvent: 'onStartupFinished'
2023-11-16 14:52:28.075 [info] ExtensionService#_doActivateExtension vscode.merge-conflict, startup: false, activationEvent: 'onStartupFinished'
2023-11-16 14:52:28.149 [info] ExtensionService#_doActivateExtension vscode.emmet, startup: false, activationEvent: 'onLanguage'
2023-11-16 14:54:02.464 [info] Extension host terminating: renderer closed the MessagePort
2023-11-16 14:54:02.466 [info] Extension host with pid 102584 exiting with code 0
2023-11-16 14:54:03.265 [info] Extension host with pid 103114 started
2023-11-16 14:54:03.265 [info] Skipping acquiring lock for /home/comodino/.config/VSCodium/User/workspaceStorage/72581488f97bdf3ac0940e1d6bc8e091.
2023-11-16 14:54:03.354 [info] ExtensionService#_doActivateExtension vscode.git-base, startup: true, activationEvent: '*'
2023-11-16 14:54:03.370 [info] ExtensionService#_doActivateExtension vscode.github, startup: true, activationEvent: '*'
2023-11-16 14:54:03.376 [info] Eager extensions activated
2023-11-16 14:54:03.377 [info] ExtensionService#_doActivateExtension vscode.debug-auto-launch, startup: false, activationEvent: 'onStartupFinished'
2023-11-16 14:54:03.380 [info] ExtensionService#_doActivateExtension vscode.merge-conflict, startup: false, activationEvent: 'onStartupFinished'
2023-11-16 14:54:04.870 [info] ExtensionService#_doActivateExtension vscode.git, startup: false, activationEvent: 'api', root cause: vscode.github
2023-11-16 14:54:22.000 [info] ExtensionService#_doActivateExtension vscode.emmet, startup: false, activationEvent: 'onLanguage'
2023-11-16 14:55:10.979 [info] Extension host terminating: renderer closed the MessagePort
2023-11-16 14:55:10.982 [info] Extension host with pid 103114 exiting with code 0
