2023-09-20 10:44:34.116 [info] Extension host with pid 39140 started
2023-09-20 10:44:34.144 [info] ExtensionService#_doActivateExtension vscode.ipynb, startup: false, activationEvent: 'onNotebookSerializer:jupyter-notebook'
2023-09-20 10:44:34.179 [info] ExtensionService#_doActivateExtension vscode.git-base, startup: true, activationEvent: '*'
2023-09-20 10:44:34.183 [info] ExtensionService#_doActivateExtension vscode.github, startup: true, activationEvent: '*'
2023-09-20 10:44:34.221 [info] Eager extensions activated
2023-09-20 10:44:34.233 [info] ExtensionService#_doActivateExtension vscode.debug-auto-launch, startup: false, activationEvent: 'onStartupFinished'
2023-09-20 10:44:34.236 [info] ExtensionService#_doActivateExtension vscode.merge-conflict, startup: false, activationEvent: 'onStartupFinished'
2023-09-20 10:44:45.105 [info] ExtensionService#_doActivateExtension vscode.emmet, startup: false, activationEvent: 'onLanguage'
2023-09-20 10:51:39.943 [info] Extension host terminating: renderer closed the MessagePort
2023-09-20 10:51:39.945 [info] Extension host with pid 39140 exiting with code 0
2023-09-20 10:51:41.258 [info] Extension host with pid 43962 started
2023-09-20 10:51:41.258 [info] Skipping acquiring lock for /home/comodino/.config/VSCodium/User/workspaceStorage/db1fc7bf6753d5031c1b5972c8e81f27.
2023-09-20 10:51:41.375 [info] ExtensionService#_doActivateExtension vscode.git-base, startup: true, activationEvent: '*'
2023-09-20 10:51:41.449 [info] ExtensionService#_doActivateExtension vscode.github, startup: true, activationEvent: '*'
2023-09-20 10:51:41.464 [info] Eager extensions activated
2023-09-20 10:51:41.466 [info] ExtensionService#_doActivateExtension vscode.debug-auto-launch, startup: false, activationEvent: 'onStartupFinished'
2023-09-20 10:51:41.469 [info] ExtensionService#_doActivateExtension vscode.merge-conflict, startup: false, activationEvent: 'onStartupFinished'
2023-09-20 10:51:42.835 [info] ExtensionService#_doActivateExtension vscode.git, startup: false, activationEvent: 'api', root cause: vscode.github
2023-09-20 10:51:44.112 [info] ExtensionService#_doActivateExtension vscode.ipynb, startup: false, activationEvent: 'onNotebookSerializer:jupyter-notebook'
2023-09-20 10:51:44.384 [info] ExtensionService#_doActivateExtension vscode.emmet, startup: false, activationEvent: 'onLanguage'
2023-09-20 10:51:47.493 [info] ExtensionService#_doActivateExtension vscode.extension-editing, startup: false, activationEvent: 'onLanguage:markdown'
2023-09-20 10:51:47.499 [info] ExtensionService#_doActivateExtension vscode.markdown-language-features, startup: false, activationEvent: 'onLanguage:markdown'
2023-09-20 10:51:47.838 [info] ExtensionService#_doActivateExtension vscode.markdown-math, startup: false, activationEvent: 'api', root cause: vscode.markdown-language-features
2023-09-20 10:52:09.318 [info] ExtensionService#_doActivateExtension ms-python.python, startup: false, activationEvent: 'onLanguage:python'
2023-09-20 10:52:13.819 [info] ExtensionService#_doActivateExtension ms-toolsai.vscode-jupyter-cell-tags, startup: false, activationEvent: 'onNotebook:jupyter-notebook'
2023-09-20 10:52:13.825 [info] ExtensionService#_doActivateExtension ms-toolsai.vscode-jupyter-slideshow, startup: false, activationEvent: 'onNotebook:jupyter-notebook'
2023-09-20 10:52:13.829 [info] ExtensionService#_doActivateExtension ms-toolsai.jupyter-renderers, startup: false, activationEvent: 'onNotebook:*'
2023-09-20 10:52:13.830 [info] ExtensionService#_doActivateExtension ms-toolsai.jupyter, startup: false, activationEvent: 'onLanguage:python'
2023-09-20 10:52:15.470 [error] Error: Module 'pip' not installed.
	at au.execModule (/home/comodino/.vscode-oss/extensions/ms-toolsai.jupyter-2023.3.100-universal/out/extension.node.js:7:27794)
	at async Kd.getPackageInformation (/home/comodino/.vscode-oss/extensions/ms-toolsai.jupyter-2023.3.100-universal/out/extension.node.js:7:19123)
2023-09-20 11:00:56.604 [info] Extension host terminating: renderer closed the MessagePort
2023-09-20 11:00:56.619 [info] Extension host with pid 43962 exiting with code 0
