2023-11-16 14:55:14.983 [info] Log level: Info
2023-11-16 14:55:14.983 [info] Validating found git in: "git"
2023-11-16 14:55:14.983 [info] Using git "2.40.1" from "git"
2023-11-16 14:55:29.239 [info] Log level: Info
2023-11-16 14:55:29.239 [info] Validating found git in: "git"
2023-11-16 14:55:29.239 [info] Using git "2.40.1" from "git"
2023-11-16 14:55:29.242 [info] > git rev-parse --show-toplevel [3ms]
2023-11-16 14:55:29.242 [info] fatal: not a git repository (or any of the parent directories): .git
2023-11-16 14:55:32.498 [info] > git rev-parse --show-toplevel [4ms]
2023-11-16 14:55:32.498 [info] fatal: not a git repository (or any of the parent directories): .git
2023-11-16 14:55:41.540 [info] > git rev-parse --show-toplevel [2ms]
2023-11-16 14:55:41.540 [info] fatal: not a git repository (or any of the parent directories): .git
2023-11-16 14:56:47.953 [info] > git rev-parse --show-toplevel [1ms]
2023-11-16 14:56:47.953 [info] fatal: not a git repository (or any of the parent directories): .git
2023-11-16 14:56:52.971 [info] Log level: Info
2023-11-16 14:56:52.971 [info] Validating found git in: "git"
2023-11-16 14:56:52.971 [info] Using git "2.40.1" from "git"
2023-11-16 14:56:52.971 [info] > git rev-parse --show-toplevel [6ms]
2023-11-16 14:56:52.971 [info] fatal: not a git repository (or any of the parent directories): .git
2023-11-16 14:56:52.971 [info] > git rev-parse --show-toplevel [9ms]
2023-11-16 14:56:52.971 [info] fatal: not a git repository (or any of the parent directories): .git
2023-11-16 14:56:52.971 [info] > git rev-parse --show-toplevel [9ms]
2023-11-16 14:56:52.971 [info] fatal: not a git repository (or any of the parent directories): .git
2023-11-16 14:56:53.319 [info] > git rev-parse --show-toplevel [1ms]
2023-11-16 14:56:53.320 [info] fatal: not a git repository (or any of the parent directories): .git
2023-11-16 14:57:08.300 [info] > git rev-parse --show-toplevel [2ms]
2023-11-16 14:57:08.300 [info] fatal: not a git repository (or any of the parent directories): .git
2023-11-16 14:59:21.497 [info] > git rev-parse --show-toplevel [3ms]
2023-11-16 14:59:21.497 [info] fatal: not a git repository (or any of the parent directories): .git
